
8월 27, 2021 07:58:07.22 NEW SESSION
8월 27, 2021 07:58:07.22 [13776:4496:0827/075807.016:ERROR:device_event_log_impl.cc(214)] [07:58:07.016] Bluetooth: bluetooth_adapter_winrt.cc:1073 Getting Default Adapter failed.

8월 27, 2021 15:20:17.990 NEW SESSION
8월 27, 2021 15:20:17.990 [13640:13644:0827/152017.969:ERROR:device_event_log_impl.cc(214)] [15:20:17.969] Bluetooth: bluetooth_adapter_winrt.cc:1073 Getting Default Adapter failed.

8월 27, 2021 21:04:54.563 NEW SESSION
8월 27, 2021 21:04:54.563 [4436:14072:0827/210454.563:ERROR:device_event_log_impl.cc(214)] [21:04:54.563] Bluetooth: bluetooth_adapter_winrt.cc:1073 Getting Default Adapter failed.

8월 27, 2021 23:31:13.82 NEW SESSION
8월 27, 2021 23:31:13.82 [5496:10700:0827/233113.081:ERROR:device_event_log_impl.cc(214)] [23:31:13.080] Bluetooth: bluetooth_adapter_winrt.cc:1073 Getting Default Adapter failed.
8월 27, 2021 23:31:56.634 [8400:7960:0827/233156.633:ERROR:device_event_log_impl.cc(214)] [23:31:56.633] Bluetooth: bluetooth_adapter_winrt.cc:1073 Getting Default Adapter failed.
8월 28, 2021 13:03:27.399 [15732:15300:0828/130327.399:ERROR:device_event_log_impl.cc(214)] [13:03:27.399] Bluetooth: bluetooth_adapter_winrt.cc:1073 Getting Default Adapter failed.
8월 28, 2021 14:15:14.873 [10136:5568:0828/141514.873:ERROR:device_event_log_impl.cc(214)] [14:15:14.872] Bluetooth: bluetooth_adapter_winrt.cc:1073 Getting Default Adapter failed.

9월 01, 2021 08:15:02.331 NEW SESSION
9월 01, 2021 08:15:02.331 [5428:7112:0901/081502.330:ERROR:device_event_log_impl.cc(214)] [08:15:02.331] Bluetooth: bluetooth_adapter_winrt.cc:1073 Getting Default Adapter failed.

9월 03, 2021 08:02:34.618 NEW SESSION
9월 03, 2021 08:02:34.618 [10312:10304:0903/080234.611:ERROR:device_event_log_impl.cc(214)] [08:02:34.611] Bluetooth: bluetooth_adapter_winrt.cc:1073 Getting Default Adapter failed.
9월 03, 2021 12:48:07.973 [10312:10304:0903/124807.973:ERROR:CONSOLE(3)] "Not allowed to load local resource: chrome://resources/css/text_defaults.css", source: chrome-extension://ahjaciijnoiaklcomgnblndopackapon/scope_approval_dialog.html (3)
9월 03, 2021 12:48:10.539 [10312:10304:0903/124810.538:ERROR:CONSOLE(3)] "Not allowed to load local resource: chrome://resources/css/text_defaults.css", source: chrome-extension://ahjaciijnoiaklcomgnblndopackapon/scope_approval_dialog.html (3)
9월 03, 2021 12:48:13.261 [10312:10304:0903/124813.261:ERROR:device_event_log_impl.cc(214)] [12:48:13.261] Bluetooth: bluetooth_adapter_winrt.cc:1073 Getting Default Adapter failed.
9월 03, 2021 12:49:12.998 [10312:10304:0903/124912.998:ERROR:CONSOLE(3)] "Not allowed to load local resource: chrome://resources/css/text_defaults.css", source: chrome-extension://ahjaciijnoiaklcomgnblndopackapon/scope_approval_dialog.html (3)
9월 03, 2021 15:05:13.313 [10312:260:0903/150513.313:ERROR:mcs_client.cc(755)] Received close command, resetting connection.
9월 03, 2021 15:16:33.965 [10312:260:0903/151633.965:ERROR:mcs_client.cc(755)] Received close command, resetting connection.
9월 03, 2021 17:32:39.723 [10312:10304:0903/173239.722:ERROR:device_event_log_impl.cc(214)] [17:32:39.722] USB: usb_service_win.cc:258 Failed to get device driver name: 요소가 없습니다. (0x490)
9월 03, 2021 17:32:39.729 [10312:10304:0903/173239.729:ERROR:device_event_log_impl.cc(214)] [17:32:39.729] USB: usb_service_win.cc:281 SetupDiEnumDeviceInterfaces: 사용 가능한 데이터가 없습니다. (0x103)
9월 03, 2021 18:55:25.225 [10312:10304:0903/185525.225:ERROR:device_event_log_impl.cc(214)] [18:55:25.225] USB: usb_device_handle_win.cc:1048 Failed to read descriptor from node connection: 시스템에 부착된 장치가 작동하지 않습니다. (0x1F)
9월 03, 2021 18:55:55.450 [10312:10304:0903/185555.450:ERROR:device_event_log_impl.cc(214)] [18:55:55.450] USB: usb_service_win.cc:258 Failed to get device driver name: 요소가 없습니다. (0x490)
9월 05, 2021 13:56:47.697 [10312:10304:0905/135647.697:ERROR:template_url_service.cc(1043)] Search Engines datatype error was encountered: ProcessSyncChanges failed on ChangeType ACTION_DELETE
9월 05, 2021 13:56:47.698 [10312:10304:0905/135647.697:ERROR:template_url_service.cc(1043)] Search Engines datatype error was encountered: ProcessSyncChanges failed on ChangeType ACTION_DELETE

9월 06, 2021 08:32:29.928 NEW SESSION
9월 06, 2021 08:32:29.928 [8048:9808:0906/083229.927:ERROR:template_url_service.cc(1043)] Search Engines datatype error was encountered: ProcessSyncChanges failed on ChangeType ACTION_DELETE
9월 06, 2021 08:32:29.936 [8048:9808:0906/083229.928:ERROR:template_url_service.cc(1043)] Search Engines datatype error was encountered: ProcessSyncChanges failed on ChangeType ACTION_DELETE
9월 06, 2021 08:32:30.731 [8048:9808:0906/083230.731:ERROR:device_event_log_impl.cc(214)] [08:32:30.732] Bluetooth: bluetooth_adapter_winrt.cc:1073 Getting Default Adapter failed.

9월 09, 2021 08:14:58.55 NEW SESSION
9월 09, 2021 08:14:58.55 [2216:7496:0909/081458.054:ERROR:device_event_log_impl.cc(214)] [08:14:58.054] Bluetooth: bluetooth_adapter_winrt.cc:1073 Getting Default Adapter failed.
9월 09, 2021 09:56:42.603 [2216:7496:0909/095642.603:ERROR:device_event_log_impl.cc(214)] [09:56:42.602] USB: usb_service_win.cc:258 Failed to get device driver name: 요소가 없습니다. (0x490)
9월 09, 2021 18:14:41.866 [19396:14888:0909/181441.866:ERROR:device_event_log_impl.cc(214)] [18:14:41.866] Bluetooth: bluetooth_adapter_winrt.cc:1073 Getting Default Adapter failed.
9월 09, 2021 20:32:28.596 [19396:14888:0909/203228.596:ERROR:device_event_log_impl.cc(214)] [20:32:28.596] USB: usb_device_handle_win.cc:1048 Failed to read descriptor from node connection: 시스템에 부착된 장치가 작동하지 않습니다. (0x1F)
9월 09, 2021 20:33:45.675 [19396:14888:0909/203345.675:ERROR:device_event_log_impl.cc(214)] [20:33:45.674] USB: usb_service_win.cc:258 Failed to get device driver name: 요소가 없습니다. (0x490)

9월 10, 2021 07:19:08.70 NEW SESSION
9월 10, 2021 07:19:08.70 [4128:12528:0910/071908.069:ERROR:device_event_log_impl.cc(214)] [07:19:08.069] Bluetooth: bluetooth_adapter_winrt.cc:1073 Getting Default Adapter failed.
9월 10, 2021 13:59:15.391 [4128:12528:0910/135915.391:ERROR:usb_descriptors.cc(160)] Device descriptor parsing error.
9월 10, 2021 13:59:15.391 [4128:12528:0910/135915.391:ERROR:device_event_log_impl.cc(214)] [13:59:15.391] USB: usb_device_win.cc:93 Failed to read descriptors from \\?\usb#vid_0e0f&pid_0001#00008101001304691e98001e#{a5dcbf10-6530-11d2-901f-00c04fb951ed}.
9월 10, 2021 13:59:36.841 [4128:12528:0910/135936.841:ERROR:usb_descriptors.cc(160)] Device descriptor parsing error.
9월 10, 2021 13:59:36.842 [4128:12528:0910/135936.841:ERROR:device_event_log_impl.cc(214)] [13:59:36.841] USB: usb_device_win.cc:93 Failed to read descriptors from \\?\usb#vid_0e0f&pid_0001#5&14cddbf3&0&13#{a5dcbf10-6530-11d2-901f-00c04fb951ed}.
9월 10, 2021 16:37:37.555 [4128:12528:0910/163737.555:ERROR:usb_descriptors.cc(160)] Device descriptor parsing error.
9월 10, 2021 16:37:37.556 [4128:12528:0910/163737.555:ERROR:device_event_log_impl.cc(214)] [16:37:37.555] USB: usb_device_win.cc:93 Failed to read descriptors from \\?\usb#vid_0e0f&pid_0001#5&14cddbf3&0&13#{a5dcbf10-6530-11d2-901f-00c04fb951ed}.
9월 11, 2021 02:25:32.642 [4128:12528:0911/022532.642:ERROR:device_event_log_impl.cc(214)] [02:25:32.642] USB: usb_service_win.cc:258 Failed to get device driver name: 요소가 없습니다. (0x490)

9월 15, 2021 07:22:02.59 NEW SESSION
9월 15, 2021 07:22:02.59 [7332:5492:0915/072202.058:ERROR:device_event_log_impl.cc(214)] [07:22:02.058] Bluetooth: bluetooth_adapter_winrt.cc:1073 Getting Default Adapter failed.
9월 15, 2021 12:37:07.242 [7332:15588:0915/123707.242:ERROR:database.cc(1674)] Passwords SQLite error: code 2067 errno 0: UNIQUE constraint failed: logins.origin_url, logins.username_element, logins.username_value, logins.password_element, logins.signon_realm sql: INSERT INTO logins (origin_url, action_url, username_element, username_value, password_element, password_value, submit_element, signon_realm, date_created, blacklisted_by_user, scheme, password_type, times_used, form_data, date_synced, display_name, icon_url, federation_url, skip_zero_click, generation_upload_status, possible_username_pairs, id, date_last_used, moving_blocked_for) VALUES (?,?,?,?,?,?,?,?,?,?,?,?,?,?,?,?,?,?,?,?,?,?,?,?)
9월 15, 2021 12:41:23.761 [7332:15056:0915/124123.761:ERROR:database.cc(1674)] Passwords SQLite error: code 2067 errno 0: UNIQUE constraint failed: logins.origin_url, logins.username_element, logins.username_value, logins.password_element, logins.signon_realm sql: INSERT INTO logins (origin_url, action_url, username_element, username_value, password_element, password_value, submit_element, signon_realm, date_created, blacklisted_by_user, scheme, password_type, times_used, form_data, date_synced, display_name, icon_url, federation_url, skip_zero_click, generation_upload_status, possible_username_pairs, id, date_last_used, moving_blocked_for) VALUES (?,?,?,?,?,?,?,?,?,?,?,?,?,?,?,?,?,?,?,?,?,?,?,?)
9월 15, 2021 12:45:18.433 [7332:17600:0915/124518.433:ERROR:database.cc(1674)] Passwords SQLite error: code 2067 errno 0: UNIQUE constraint failed: logins.origin_url, logins.username_element, logins.username_value, logins.password_element, logins.signon_realm sql: INSERT INTO logins (origin_url, action_url, username_element, username_value, password_element, password_value, submit_element, signon_realm, date_created, blacklisted_by_user, scheme, password_type, times_used, form_data, date_synced, display_name, icon_url, federation_url, skip_zero_click, generation_upload_status, possible_username_pairs, id, date_last_used, moving_blocked_for) VALUES (?,?,?,?,?,?,?,?,?,?,?,?,?,?,?,?,?,?,?,?,?,?,?,?)
9월 15, 2021 13:05:44.943 [7332:15060:0915/130544.943:ERROR:database.cc(1674)] Passwords SQLite error: code 2067 errno 0: UNIQUE constraint failed: logins.origin_url, logins.username_element, logins.username_value, logins.password_element, logins.signon_realm sql: INSERT INTO logins (origin_url, action_url, username_element, username_value, password_element, password_value, submit_element, signon_realm, date_created, blacklisted_by_user, scheme, password_type, times_used, form_data, date_synced, display_name, icon_url, federation_url, skip_zero_click, generation_upload_status, possible_username_pairs, id, date_last_used, moving_blocked_for) VALUES (?,?,?,?,?,?,?,?,?,?,?,?,?,?,?,?,?,?,?,?,?,?,?,?)
9월 15, 2021 13:24:49.238 [7332:9112:0915/132449.238:ERROR:database.cc(1674)] Passwords SQLite error: code 2067 errno 0: UNIQUE constraint failed: logins.origin_url, logins.username_element, logins.username_value, logins.password_element, logins.signon_realm sql: INSERT INTO logins (origin_url, action_url, username_element, username_value, password_element, password_value, submit_element, signon_realm, date_created, blacklisted_by_user, scheme, password_type, times_used, form_data, date_synced, display_name, icon_url, federation_url, skip_zero_click, generation_upload_status, possible_username_pairs, id, date_last_used, moving_blocked_for) VALUES (?,?,?,?,?,?,?,?,?,?,?,?,?,?,?,?,?,?,?,?,?,?,?,?)
9월 15, 2021 13:29:32.998 [7332:11716:0915/132932.997:ERROR:database.cc(1674)] Passwords SQLite error: code 2067 errno 0: UNIQUE constraint failed: logins.origin_url, logins.username_element, logins.username_value, logins.password_element, logins.signon_realm sql: INSERT INTO logins (origin_url, action_url, username_element, username_value, password_element, password_value, submit_element, signon_realm, date_created, blacklisted_by_user, scheme, password_type, times_used, form_data, date_synced, display_name, icon_url, federation_url, skip_zero_click, generation_upload_status, possible_username_pairs, id, date_last_used, moving_blocked_for) VALUES (?,?,?,?,?,?,?,?,?,?,?,?,?,?,?,?,?,?,?,?,?,?,?,?)
9월 15, 2021 13:31:08.918 [7332:15124:0915/133108.918:ERROR:database.cc(1674)] Passwords SQLite error: code 2067 errno 0: UNIQUE constraint failed: logins.origin_url, logins.username_element, logins.username_value, logins.password_element, logins.signon_realm sql: INSERT INTO logins (origin_url, action_url, username_element, username_value, password_element, password_value, submit_element, signon_realm, date_created, blacklisted_by_user, scheme, password_type, times_used, form_data, date_synced, display_name, icon_url, federation_url, skip_zero_click, generation_upload_status, possible_username_pairs, id, date_last_used, moving_blocked_for) VALUES (?,?,?,?,?,?,?,?,?,?,?,?,?,?,?,?,?,?,?,?,?,?,?,?)
9월 15, 2021 13:32:10.06 [7332:1388:0915/133210.006:ERROR:database.cc(1674)] Passwords SQLite error: code 2067 errno 0: UNIQUE constraint failed: logins.origin_url, logins.username_element, logins.username_value, logins.password_element, logins.signon_realm sql: INSERT INTO logins (origin_url, action_url, username_element, username_value, password_element, password_value, submit_element, signon_realm, date_created, blacklisted_by_user, scheme, password_type, times_used, form_data, date_synced, display_name, icon_url, federation_url, skip_zero_click, generation_upload_status, possible_username_pairs, id, date_last_used, moving_blocked_for) VALUES (?,?,?,?,?,?,?,?,?,?,?,?,?,?,?,?,?,?,?,?,?,?,?,?)
9월 15, 2021 13:39:39.805 [7332:16316:0915/133939.805:ERROR:database.cc(1674)] Passwords SQLite error: code 2067 errno 0: UNIQUE constraint failed: logins.origin_url, logins.username_element, logins.username_value, logins.password_element, logins.signon_realm sql: INSERT INTO logins (origin_url, action_url, username_element, username_value, password_element, password_value, submit_element, signon_realm, date_created, blacklisted_by_user, scheme, password_type, times_used, form_data, date_synced, display_name, icon_url, federation_url, skip_zero_click, generation_upload_status, possible_username_pairs, id, date_last_used, moving_blocked_for) VALUES (?,?,?,?,?,?,?,?,?,?,?,?,?,?,?,?,?,?,?,?,?,?,?,?)
9월 15, 2021 13:40:56.405 [7332:13464:0915/134056.405:ERROR:database.cc(1674)] Passwords SQLite error: code 2067 errno 0: UNIQUE constraint failed: logins.origin_url, logins.username_element, logins.username_value, logins.password_element, logins.signon_realm sql: INSERT INTO logins (origin_url, action_url, username_element, username_value, password_element, password_value, submit_element, signon_realm, date_created, blacklisted_by_user, scheme, password_type, times_used, form_data, date_synced, display_name, icon_url, federation_url, skip_zero_click, generation_upload_status, possible_username_pairs, id, date_last_used, moving_blocked_for) VALUES (?,?,?,?,?,?,?,?,?,?,?,?,?,?,?,?,?,?,?,?,?,?,?,?)
9월 15, 2021 13:43:29.301 [7332:15152:0915/134329.301:ERROR:database.cc(1674)] Passwords SQLite error: code 2067 errno 0: UNIQUE constraint failed: logins.origin_url, logins.username_element, logins.username_value, logins.password_element, logins.signon_realm sql: INSERT INTO logins (origin_url, action_url, username_element, username_value, password_element, password_value, submit_element, signon_realm, date_created, blacklisted_by_user, scheme, password_type, times_used, form_data, date_synced, display_name, icon_url, federation_url, skip_zero_click, generation_upload_status, possible_username_pairs, id, date_last_used, moving_blocked_for) VALUES (?,?,?,?,?,?,?,?,?,?,?,?,?,?,?,?,?,?,?,?,?,?,?,?)
9월 15, 2021 13:44:55.37 [7332:2508:0915/134455.036:ERROR:database.cc(1674)] Passwords SQLite error: code 2067 errno 0: UNIQUE constraint failed: logins.origin_url, logins.username_element, logins.username_value, logins.password_element, logins.signon_realm sql: INSERT INTO logins (origin_url, action_url, username_element, username_value, password_element, password_value, submit_element, signon_realm, date_created, blacklisted_by_user, scheme, password_type, times_used, form_data, date_synced, display_name, icon_url, federation_url, skip_zero_click, generation_upload_status, possible_username_pairs, id, date_last_used, moving_blocked_for) VALUES (?,?,?,?,?,?,?,?,?,?,?,?,?,?,?,?,?,?,?,?,?,?,?,?)
9월 15, 2021 13:45:11.758 [7332:4372:0915/134511.758:ERROR:database.cc(1674)] Passwords SQLite error: code 2067 errno 0: UNIQUE constraint failed: logins.origin_url, logins.username_element, logins.username_value, logins.password_element, logins.signon_realm sql: INSERT INTO logins (origin_url, action_url, username_element, username_value, password_element, password_value, submit_element, signon_realm, date_created, blacklisted_by_user, scheme, password_type, times_used, form_data, date_synced, display_name, icon_url, federation_url, skip_zero_click, generation_upload_status, possible_username_pairs, id, date_last_used, moving_blocked_for) VALUES (?,?,?,?,?,?,?,?,?,?,?,?,?,?,?,?,?,?,?,?,?,?,?,?)
9월 15, 2021 20:44:50.476 [7332:4992:0915/204450.476:ERROR:database.cc(1674)] Passwords SQLite error: code 2067 errno 0: UNIQUE constraint failed: logins.origin_url, logins.username_element, logins.username_value, logins.password_element, logins.signon_realm sql: INSERT INTO logins (origin_url, action_url, username_element, username_value, password_element, password_value, submit_element, signon_realm, date_created, blacklisted_by_user, scheme, password_type, times_used, form_data, date_synced, display_name, icon_url, federation_url, skip_zero_click, generation_upload_status, possible_username_pairs, id, date_last_used, moving_blocked_for) VALUES (?,?,?,?,?,?,?,?,?,?,?,?,?,?,?,?,?,?,?,?,?,?,?,?)

9월 19, 2021 20:48:36.524 NEW SESSION
9월 19, 2021 20:48:36.525 [13216:7412:0919/204836.524:ERROR:device_event_log_impl.cc(214)] [20:48:36.524] Bluetooth: bluetooth_adapter_winrt.cc:1073 Getting Default Adapter failed.
9월 20, 2021 03:49:09.745 [13216:7412:0920/034909.745:ERROR:device_event_log_impl.cc(214)] [03:49:09.745] USB: usb_service_win.cc:258 Failed to get device driver name: 요소가 없습니다. (0x490)

9월 20, 2021 10:00:33.494 NEW SESSION
9월 20, 2021 10:00:33.494 [14832:14724:0920/100033.484:ERROR:device_event_log_impl.cc(214)] [10:00:33.484] Bluetooth: bluetooth_adapter_winrt.cc:1073 Getting Default Adapter failed.
9월 24, 2021 17:17:12.869 [14832:15904:0924/171712.869:ERROR:database.cc(1674)] Passwords SQLite error: code 2067 errno 0: UNIQUE constraint failed: logins.origin_url, logins.username_element, logins.username_value, logins.password_element, logins.signon_realm sql: INSERT INTO logins (origin_url, action_url, username_element, username_value, password_element, password_value, submit_element, signon_realm, date_created, blacklisted_by_user, scheme, password_type, times_used, form_data, date_synced, display_name, icon_url, federation_url, skip_zero_click, generation_upload_status, possible_username_pairs, id, date_last_used, moving_blocked_for) VALUES (?,?,?,?,?,?,?,?,?,?,?,?,?,?,?,?,?,?,?,?,?,?,?,?)
9월 25, 2021 14:44:47.136 [14832:14724:0925/144447.136:ERROR:CONSOLE(1)] "console.assert", source: devtools://devtools/bundled/core/sdk/sdk.js (1)
9월 25, 2021 14:44:47.136 [14832:14724:0925/144447.136:ERROR:CONSOLE(0)] "TypeError: Cannot read properties of null (reading 'resourceURL')", source:  (0)
9월 27, 2021 11:46:39.864 [14832:14724:0927/114639.864:ERROR:template_url_service.cc(1043)] Search Engines datatype error was encountered: ProcessSyncChanges failed on ChangeType ACTION_DELETE
9월 27, 2021 11:46:39.865 [14832:14724:0927/114639.865:ERROR:template_url_service.cc(1043)] Search Engines datatype error was encountered: ProcessSyncChanges failed on ChangeType ACTION_DELETE
